2025-05-06 14:56:55.305 INFO  c.k.katalon.core.main.TestSuiteExecutor  - START Test Suites/BRAND_TS02
2025-05-06 14:56:55.433 INFO  c.k.katalon.core.main.TestSuiteExecutor  - userFullName = Parat
2025-05-06 14:56:55.434 INFO  c.k.katalon.core.main.TestSuiteExecutor  - projectName = katalon
2025-05-06 14:56:55.435 INFO  c.k.katalon.core.main.TestSuiteExecutor  - hostName = NUC - NUC13Anhi7
2025-05-06 14:56:55.435 INFO  c.k.katalon.core.main.TestSuiteExecutor  - os = Windows 11 64bit
2025-05-06 14:56:55.435 INFO  c.k.katalon.core.main.TestSuiteExecutor  - hostAddress = 192.168.1.36
2025-05-06 14:56:55.436 INFO  c.k.katalon.core.main.TestSuiteExecutor  - katalonVersion = 10.2.0.0
2025-05-06 14:56:56.011 INFO  c.k.katalon.core.main.TestCaseExecutor   - --------------------
2025-05-06 14:56:56.011 INFO  c.k.katalon.core.main.TestCaseExecutor   - START Test Cases/Backlog/Login
2025-05-06 14:56:56.099 DEBUG testcase.Login                           - 1: openBrowser("")
2025-05-06 14:56:56.348 INFO  c.k.k.core.webui.driver.DriverFactory    - Starting 'Chrome' driver
2025-05-06 14:56:56.398 INFO  c.k.k.core.webui.driver.DriverFactory    - Action delay is set to 0 milliseconds
May 06, 2025 2:56:57 PM org.openqa.selenium.devtools.CdpVersionFinder findNearestMatch
WARNING: Unable to find CDP implementation matching 136
May 06, 2025 2:56:57 PM org.openqa.selenium.chromium.ChromiumDriver lambda$new$4
WARNING: Unable to find version of CDP to use for 136.0.7103.48. You may need to include a dependency on a specific version of the CDP using something similar to `org.seleniumhq.selenium:selenium-devtools-v86:4.28.1` where the version ("v86") matches the version of the chromium-based browser you're using and the version number of the artifact is the same as Selenium's.
2025-05-06 14:56:57.871 INFO  c.k.k.core.webui.driver.DriverFactory    - sessionId = ee062f796a3dd0cb53c116e449e38bbb
2025-05-06 14:56:57.872 INFO  c.k.k.core.webui.driver.DriverFactory    - browser = Chrome 136.0.7103.48
2025-05-06 14:56:57.873 INFO  c.k.k.core.webui.driver.DriverFactory    - platform = Windows 11
2025-05-06 14:56:57.874 INFO  c.k.k.core.webui.driver.DriverFactory    - seleniumVersion = 4.28.1
2025-05-06 14:56:57.881 INFO  c.k.k.core.webui.driver.DriverFactory    - proxyInformation = ProxyInformation { proxyOption=NO_PROXY, proxyServerType=HTTP, username=, password=********, proxyServerAddress=, proxyServerPort=0, executionList="", isApplyToDesiredCapabilities=true }
2025-05-06 14:56:57.922 DEBUG testcase.Login                           - 2: navigateToUrl("https://account.dev.qashup.co/login")
2025-05-06 14:56:58.518 DEBUG testcase.Login                           - 3: setText(findTestObject("Object Repository/Page_Qashup Account/input_Username_username"), "admin@test.com")
2025-05-06 14:56:59.301 DEBUG testcase.Login                           - 4: setEncryptedText(findTestObject("Object Repository/Page_Qashup Account/input_Password_password"), "aeHFOx8jV/A=")
2025-05-06 14:56:59.581 DEBUG testcase.Login                           - 5: click(findTestObject("Object Repository/Page_Qashup Account/button_Login"))
2025-05-06 14:56:59.855 DEBUG testcase.Login                           - 6: click(findTestObject("Object Repository/Page_Qashup Account/div_Back Office"))
2025-05-06 14:57:03.342 INFO  c.k.k.core.webservice.common.HarLogger   - HAR: C:\Users\NUC\git\katalon\Reports\20250506_145649\BRAND_TS02\20250506_145650\requests\main\Create-Execution_0.har
2025-05-06 14:57:03.448 INFO  c.k.katalon.core.main.TestCaseExecutor   - END Test Cases/Backlog/Login
2025-05-06 14:57:03.456 INFO  c.k.katalon.core.main.TestCaseExecutor   - --------------------
2025-05-06 14:57:03.456 INFO  c.k.katalon.core.main.TestCaseExecutor   - START Test Cases/Dev Environment/BRAND_TS02_TC01
2025-05-06 14:57:03.586 DEBUG testcase.BRAND_TS02_TC01                 - 1: click(findTestObject("Object Repository/Page_Qashup Backoffice/a_Brand  Branch"))
2025-05-06 14:57:34.734 INFO  c.k.k.c.webui.common.WebUiCommonHelper   - Unable to find the element located by 'By.xpath: (.//*[normalize-space(text()) and normalize-space(.)='Modify'])[1]/following::a[1]'. Please recheck the objects properties to make sure the desired element is located. 
2025-05-06 14:57:34.882 ERROR c.k.k.core.keyword.internal.KeywordMain  - ❌ Unable to click on object 'Object Repository/Page_Qashup Backoffice/a_Brand  Branch' (Root cause: com.kms.katalon.core.exception.StepFailedException: Unable to click on object 'Object Repository/Page_Qashup Backoffice/a_Brand  Branch'
	at com.kms.katalon.core.webui.keyword.internal.WebUIKeywordMain.stepFailed(WebUIKeywordMain.groovy:117)
	at com.kms.katalon.core.webui.keyword.internal.WebUIKeywordMain.runKeyword(WebUIKeywordMain.groovy:43)
	at com.kms.katalon.core.webui.keyword.builtin.ClickKeyword.click(ClickKeyword.groovy:75)
	at com.kms.katalon.core.webui.keyword.builtin.ClickKeyword.execute(ClickKeyword.groovy:40)
	at com.kms.katalon.core.keyword.internal.KeywordExecutor.executeKeywordForPlatform(KeywordExecutor.groovy:74)
	at com.kms.katalon.core.webui.keyword.WebUiBuiltInKeywords.click(WebUiBuiltInKeywords.groovy:696)
	at BRAND_TS02_TC01.run(BRAND_TS02_TC01:20)
	at com.kms.katalon.core.main.ScriptEngine.run(ScriptEngine.java:194)
	at com.kms.katalon.core.main.ScriptEngine.runScriptAsRawText(ScriptEngine.java:119)
	at com.kms.katalon.core.main.TestCaseExecutor.runScript(TestCaseExecutor.java:486)
	at com.kms.katalon.core.main.TestCaseExecutor.doExecute(TestCaseExecutor.java:477)
	at com.kms.katalon.core.main.TestCaseExecutor.processExecutionPhase(TestCaseExecutor.java:456)
	at com.kms.katalon.core.main.TestCaseExecutor.accessMainPhase(TestCaseExecutor.java:448)
	at com.kms.katalon.core.main.TestCaseExecutor.execute(TestCaseExecutor.java:322)
	at com.kms.katalon.core.common.CommonExecutor.accessTestCaseMainPhase(CommonExecutor.java:71)
	at com.kms.katalon.core.main.TestSuiteExecutor.accessTestSuiteMainPhase(TestSuiteExecutor.java:160)
	at com.kms.katalon.core.main.TestSuiteExecutor.execute(TestSuiteExecutor.java:107)
	at com.kms.katalon.core.main.TestCaseMain.startTestSuite(TestCaseMain.java:186)
	at TempTestSuite1746518210869.run(TempTestSuite1746518210869.groovy:35)
	at java.base/jdk.internal.reflect.NativeMethodAccessorImpl.invoke0(Native Method)
	at java.base/jdk.internal.reflect.NativeMethodAccessorImpl.invoke(NativeMethodAccessorImpl.java:77)
	at java.base/jdk.internal.reflect.DelegatingMethodAccessorImpl.invoke(DelegatingMethodAccessorImpl.java:43)
Caused by: com.kms.katalon.core.webui.exception.WebElementNotFoundException: Web element with id: 'Object Repository/Page_Qashup Backoffice/a_Brand  Branch' located by '(.//*[normalize-space(text()) and normalize-space(.)='Modify'])[1]/following::a[1]' not found
	at com.kms.katalon.core.webui.common.WebUiCommonHelper.findWebElement(WebUiCommonHelper.java:1457)
	at com.kms.katalon.core.webui.keyword.internal.WebUIAbstractKeyword.findWebElement(WebUIAbstractKeyword.groovy:27)
	at com.kms.katalon.core.webui.keyword.builtin.ClickKeyword$_click_closure1.doCall(ClickKeyword.groovy:66)
	at com.kms.katalon.core.webui.keyword.builtin.ClickKeyword$_click_closure1.call(ClickKeyword.groovy)
	at com.kms.katalon.core.webui.keyword.internal.WebUIKeywordMain.runKeyword(WebUIKeywordMain.groovy:35)
	at com.kms.katalon.core.webui.keyword.builtin.ClickKeyword.click(ClickKeyword.groovy:75)
	at com.kms.katalon.core.webui.keyword.builtin.ClickKeyword.execute(ClickKeyword.groovy:40)
	at com.kms.katalon.core.keyword.internal.KeywordExecutor.executeKeywordForPlatform(KeywordExecutor.groovy:74)
	at com.kms.katalon.core.webui.keyword.WebUiBuiltInKeywords.click(WebUiBuiltInKeywords.groovy:696)
	at Script1746516577781.run(Script1746516577781.groovy:20)
	... 15 more
)
2025-05-06 14:57:34.885 ERROR c.k.katalon.core.main.TestCaseExecutor   - ❌ Test Cases/Dev Environment/BRAND_TS02_TC01 FAILED.
Reason:
com.kms.katalon.core.exception.StepFailedException: Unable to click on object 'Object Repository/Page_Qashup Backoffice/a_Brand  Branch'
	at com.kms.katalon.core.webui.keyword.internal.WebUIKeywordMain.stepFailed(WebUIKeywordMain.groovy:117)
	at com.kms.katalon.core.webui.keyword.internal.WebUIKeywordMain.runKeyword(WebUIKeywordMain.groovy:43)
	at com.kms.katalon.core.webui.keyword.builtin.ClickKeyword.click(ClickKeyword.groovy:75)
	at com.kms.katalon.core.webui.keyword.builtin.ClickKeyword.execute(ClickKeyword.groovy:40)
	at com.kms.katalon.core.keyword.internal.KeywordExecutor.executeKeywordForPlatform(KeywordExecutor.groovy:74)
	at com.kms.katalon.core.webui.keyword.WebUiBuiltInKeywords.click(WebUiBuiltInKeywords.groovy:696)
	at BRAND_TS02_TC01.run(BRAND_TS02_TC01:20)
	at com.kms.katalon.core.main.ScriptEngine.run(ScriptEngine.java:194)
	at com.kms.katalon.core.main.ScriptEngine.runScriptAsRawText(ScriptEngine.java:119)
	at com.kms.katalon.core.main.TestCaseExecutor.runScript(TestCaseExecutor.java:486)
	at com.kms.katalon.core.main.TestCaseExecutor.doExecute(TestCaseExecutor.java:477)
	at com.kms.katalon.core.main.TestCaseExecutor.processExecutionPhase(TestCaseExecutor.java:456)
	at com.kms.katalon.core.main.TestCaseExecutor.accessMainPhase(TestCaseExecutor.java:448)
	at com.kms.katalon.core.main.TestCaseExecutor.execute(TestCaseExecutor.java:322)
	at com.kms.katalon.core.common.CommonExecutor.accessTestCaseMainPhase(CommonExecutor.java:71)
	at com.kms.katalon.core.main.TestSuiteExecutor.accessTestSuiteMainPhase(TestSuiteExecutor.java:160)
	at com.kms.katalon.core.main.TestSuiteExecutor.execute(TestSuiteExecutor.java:107)
	at com.kms.katalon.core.main.TestCaseMain.startTestSuite(TestCaseMain.java:186)
	at TempTestSuite1746518210869.run(TempTestSuite1746518210869.groovy:35)
	at java.base/jdk.internal.reflect.NativeMethodAccessorImpl.invoke0(Native Method)
	at java.base/jdk.internal.reflect.NativeMethodAccessorImpl.invoke(NativeMethodAccessorImpl.java:77)
	at java.base/jdk.internal.reflect.DelegatingMethodAccessorImpl.invoke(DelegatingMethodAccessorImpl.java:43)
Caused by: com.kms.katalon.core.webui.exception.WebElementNotFoundException: Web element with id: 'Object Repository/Page_Qashup Backoffice/a_Brand  Branch' located by '(.//*[normalize-space(text()) and normalize-space(.)='Modify'])[1]/following::a[1]' not found
	at com.kms.katalon.core.webui.common.WebUiCommonHelper.findWebElement(WebUiCommonHelper.java:1457)
	at com.kms.katalon.core.webui.keyword.internal.WebUIAbstractKeyword.findWebElement(WebUIAbstractKeyword.groovy:27)
	at com.kms.katalon.core.webui.keyword.builtin.ClickKeyword$_click_closure1.doCall(ClickKeyword.groovy:66)
	at com.kms.katalon.core.webui.keyword.builtin.ClickKeyword$_click_closure1.call(ClickKeyword.groovy)
	at com.kms.katalon.core.webui.keyword.internal.WebUIKeywordMain.runKeyword(WebUIKeywordMain.groovy:35)
	... 20 more

2025-05-06 14:57:35.142 INFO  c.k.k.core.webservice.common.HarLogger   - HAR: C:\Users\NUC\git\katalon\Reports\20250506_145649\BRAND_TS02\20250506_145650\requests\main\Create-Execution_1.har
2025-05-06 14:57:35.147 INFO  c.k.katalon.core.main.TestCaseExecutor   - END Test Cases/Dev Environment/BRAND_TS02_TC01
2025-05-06 14:57:35.150 INFO  c.k.katalon.core.main.TestCaseExecutor   - --------------------
2025-05-06 14:57:35.150 INFO  c.k.katalon.core.main.TestCaseExecutor   - START Test Cases/Dev Environment/BRAND_TS02_TC02
2025-05-06 14:57:35.247 DEBUG testcase.BRAND_TS02_TC02                 - 1: openBrowser("")
2025-05-06 14:57:35.250 WARN  c.k.k.core.webui.driver.DriverFactory    - A browser is already opened. Closing browser and opening a new one
2025-05-06 14:57:35.475 INFO  c.k.k.core.webui.driver.DriverFactory    - Starting 'Chrome' driver
2025-05-06 14:57:35.477 INFO  c.k.k.core.webui.driver.DriverFactory    - Action delay is set to 0 milliseconds
May 06, 2025 2:57:36 PM org.openqa.selenium.devtools.CdpVersionFinder findNearestMatch
WARNING: Unable to find CDP implementation matching 136
May 06, 2025 2:57:36 PM org.openqa.selenium.chromium.ChromiumDriver lambda$new$4
WARNING: Unable to find version of CDP to use for 136.0.7103.48. You may need to include a dependency on a specific version of the CDP using something similar to `org.seleniumhq.selenium:selenium-devtools-v86:4.28.1` where the version ("v86") matches the version of the chromium-based browser you're using and the version number of the artifact is the same as Selenium's.
2025-05-06 14:57:36.187 INFO  c.k.k.core.webui.driver.DriverFactory    - sessionId = 6b41c631352e3c1ac1249cf1a443be83
2025-05-06 14:57:36.187 INFO  c.k.k.core.webui.driver.DriverFactory    - browser = Chrome 136.0.7103.48
2025-05-06 14:57:36.188 INFO  c.k.k.core.webui.driver.DriverFactory    - platform = Windows 11
2025-05-06 14:57:36.188 INFO  c.k.k.core.webui.driver.DriverFactory    - seleniumVersion = 4.28.1
2025-05-06 14:57:36.188 INFO  c.k.k.core.webui.driver.DriverFactory    - proxyInformation = ProxyInformation { proxyOption=NO_PROXY, proxyServerType=HTTP, username=, password=********, proxyServerAddress=, proxyServerPort=0, executionList="", isApplyToDesiredCapabilities=true }
2025-05-06 14:57:36.204 DEBUG testcase.BRAND_TS02_TC02                 - 2: navigateToUrl("https://backoffice.dev.qashup.co/en/brand")
2025-05-06 14:57:37.101 DEBUG testcase.BRAND_TS02_TC02                 - 3: setText(findTestObject("Object Repository/Page_Qashup Account/input_Username_username"), "admin@test.com")
2025-05-06 14:57:38.720 DEBUG testcase.BRAND_TS02_TC02                 - 4: setEncryptedText(findTestObject("Object Repository/Page_Qashup Account/input_Password_password"), "aeHFOx8jV/A=")
2025-05-06 14:57:38.991 DEBUG testcase.BRAND_TS02_TC02                 - 5: sendKeys(findTestObject("Object Repository/Page_Qashup Account/input_Password_password"), Keys.chord(ENTER))
2025-05-06 14:57:39.245 DEBUG testcase.BRAND_TS02_TC02                 - 6: click(findTestObject("Object Repository/Page_Qashup Account/div_Back Office"))
2025-05-06 14:57:40.121 DEBUG testcase.BRAND_TS02_TC02                 - 7: click(findTestObject("Object Repository/Page_Qashup Backoffice/a_Item"))
2025-05-06 14:57:42.432 DEBUG testcase.BRAND_TS02_TC02                 - 8: click(findTestObject("Object Repository/Page_Qashup Backoffice/a_Brand  Branch"))
2025-05-06 14:57:43.126 DEBUG testcase.BRAND_TS02_TC02                 - 9: click(findTestObject("Object Repository/Page_Qashup Backoffice/div_Brand"))
2025-05-06 14:57:43.787 DEBUG testcase.BRAND_TS02_TC02                 - 10: click(findTestObject("Object Repository/Page_Qashup Backoffice/svg_QA Merchant_h-8 w-9"))
