<?xml version="1.0" encoding="UTF-8"?>
<testsuites name="BRAND_TS02" time="42.706" tests="2" failures="1" errors="0">
   <testsuite name="BRAND_TS02" tests="2" failures="1" errors="0" time="42.706" skipped="0" timestamp="06-05-2025T14:38:24" hostname="NUC - NUC13Anhi7" id="Test Suites/BRAND_TS02">
      <properties>
         <property name="deviceName" value=""/>
         <property name="devicePlatform"/>
         <property name="logFolder" value="C:\\Users\\NUC\\git\\katalon\\Reports\\20250506_143819\\BRAND_TS02\\20250506_143819"/>
         <property name="logFiles" value="C:\\Users\\NUC\\git\\katalon\\Reports\\20250506_143819\\BRAND_TS02\\20250506_143819\\console0.log, C:\\Users\\NUC\\git\\katalon\\Reports\\20250506_143819\\BRAND_TS02\\20250506_143819\\execution0.log"/>
         <property name="attachments" value="C:\\Users\\NUC\\git\\katalon\\Reports\\20250506_143819\\BRAND_TS02\\20250506_143819\\1746517146407.png"/>
         <property name="hostName" value="NUC - NUC13Anhi7"/>
         <property name="os" value="Windows 11 64bit"/>
         <property name="katalonVersion" value="10.2.0.0"/>
         <property name="browser" value="Chrome 136.0.7103.48"/>
         <property name="userFullName" value="Parat"/>
         <property name="hostAddress" value="192.168.1.36"/>
         <property name="sessionId" value="42b6bec79752fc17dc2d3139158dd15c"/>
         <property name="projectName" value="katalon"/>
         <property name="seleniumVersion" value="4.28.1"/>
         <property name="proxyInformation" value="ProxyInformation { proxyOption=NO_PROXY, proxyServerType=HTTP, username=, password=********, proxyServerAddress=, proxyServerPort=0, executionList=&quot;&quot;, isApplyToDesiredCapabilities=true }"/>
         <property name="platform" value="Windows 11"/>
      </properties>
      <testcase name="Test Cases/Backlog/Login" time="6.895" classname="Test Cases/Backlog/Login" status="PASSED">
         <system-out><![CDATA[06-05-2025T14:38:24 - [TEST_CASE][PASSED] - Test Cases/Backlog/Login: Test Cases/Backlog/Login

06-05-2025T14:38:24 - [TEST_STEP][PASSED] - openBrowser(""): Browser is opened with url: ''

06-05-2025T14:38:25 - [MESSAGE][INFO] - Starting 'Chrome' driver

06-05-2025T14:38:25 - [MESSAGE][INFO] - Action delay is set to 0 milliseconds

06-05-2025T14:38:26 - [MESSAGE][PASSED] - Browser is opened with url: ''

06-05-2025T14:38:26 - [TEST_STEP][PASSED] - navigateToUrl("https://account.dev.qashup.co/login"): Navigate to 'https://account.dev.qashup.co/login' successfully

06-05-2025T14:38:27 - [MESSAGE][PASSED] - Navigate to 'https://account.dev.qashup.co/login' successfully

06-05-2025T14:38:27 - [TEST_STEP][PASSED] - setText(findTestObject("Object Repository/Page_Qashup Account/input_Username_username"), "admin@test.com"): Text 'admin@test.com' is set on object 'Object Repository/Page_Qashup Account/input_Username_username'

06-05-2025T14:38:27 - [MESSAGE][PASSED] - Text 'admin@test.com' is set on object 'Object Repository/Page_Qashup Account/input_Username_username'

06-05-2025T14:38:27 - [TEST_STEP][PASSED] - setEncryptedText(findTestObject("Object Repository/Page_Qashup Account/input_Password_password"), "aeHFOx8jV/A="): Text ****** has been set on object 'Object Repository/Page_Qashup Account/input_Password_password'

06-05-2025T14:38:28 - [MESSAGE][PASSED] - Text ****** has been set on object 'Object Repository/Page_Qashup Account/input_Password_password'

06-05-2025T14:38:28 - [TEST_STEP][PASSED] - click(findTestObject("Object Repository/Page_Qashup Account/button_Login")): Object: 'Object Repository/Page_Qashup Account/button_Login' is clicked on

06-05-2025T14:38:28 - [MESSAGE][PASSED] - Object: 'Object Repository/Page_Qashup Account/button_Login' is clicked on

06-05-2025T14:38:28 - [TEST_STEP][PASSED] - click(findTestObject("Object Repository/Page_Qashup Account/div_Back Office")): Object: 'Object Repository/Page_Qashup Account/div_Back Office' is clicked on

06-05-2025T14:38:29 - [MESSAGE][PASSED] - Object: 'Object Repository/Page_Qashup Account/div_Back Office' is clicked on

06-05-2025T14:38:29 - [TEST_STEP][PASSED] - Start listener action : sampleAfterTestCase: Send request successfully

06-05-2025T14:38:29 - [TEST_STEP][PASSED] - testCase = findTestCase(testCaseContext.getTestCaseId()): null

06-05-2025T14:38:29 - [TEST_STEP][PASSED] - g_ZS_TestCaseKey = getName().split("_")[0]: null

06-05-2025T14:38:29 - [TEST_STEP][PASSED] - if (testCaseContext.getTestCaseStatus() == "PASSED"): null

06-05-2025T14:38:29 - [TEST_STEP][PASSED] - sendRequest(findTestObject("Create Execution")): Send request successfully

06-05-2025T14:38:31 - [MESSAGE][INFO] - HAR: C:\Users\NUC\git\katalon\Reports\20250506_143819\BRAND_TS02\20250506_143819\requests\main\Create-Execution_0.har

06-05-2025T14:38:31 - [MESSAGE][PASSED] - Send request successfully]]></system-out>
         <system-err><![CDATA[]]></system-err>
      </testcase>
      <testcase name="Test Cases/Dev Environment/BRAND_TS02_TC01" time="35.113" classname="Test Cases/Dev Environment/BRAND_TS02_TC01" status="FAILED">
         <failure type="FAILED" message="Test Cases/Dev Environment/BRAND_TS02_TC01 FAILED.&#xa;Reason:&#xa;com.kms.katalon.core.exception.StepFailedException: Unable to set text 'QA Merchant' of object 'Object Repository/Page_Qashup Backoffice/input_Brand Name_input input-bordered h-42p_d0de7f_1_2_3_4_5_6_7_8_9_10_11'&#xa;	at com.kms.katalon.core.webui.keyword.internal.WebUIKeywordMain.stepFailed(WebUIKeywordMain.groovy:117)&#xa;	at com.kms.katalon.core.webui.keyword.internal.WebUIKeywordMain.runKeyword(WebUIKeywordMain.groovy:43)&#xa;	at com.kms.katalon.core.webui.keyword.builtin.SetTextKeyword.setText(SetTextKeyword.groovy:86)&#xa;	at com.kms.katalon.core.webui.keyword.builtin.SetTextKeyword.execute(SetTextKeyword.groovy:39)&#xa;	at com.kms.katalon.core.keyword.internal.KeywordExecutor.executeKeywordForPlatform(KeywordExecutor.groovy:74)&#xa;	at com.kms.katalon.core.webui.keyword.WebUiBuiltInKeywords.setText(WebUiBuiltInKeywords.groovy:1056)&#xa;	at BRAND_TS02_TC01.run(BRAND_TS02_TC01:28)&#xa;	at com.kms.katalon.core.main.ScriptEngine.run(ScriptEngine.java:194)&#xa;	at com.kms.katalon.core.main.ScriptEngine.runScriptAsRawText(ScriptEngine.java:119)&#xa;	at com.kms.katalon.core.main.TestCaseExecutor.runScript(TestCaseExecutor.java:486)&#xa;	at com.kms.katalon.core.main.TestCaseExecutor.doExecute(TestCaseExecutor.java:477)&#xa;	at com.kms.katalon.core.main.TestCaseExecutor.processExecutionPhase(TestCaseExecutor.java:456)&#xa;	at com.kms.katalon.core.main.TestCaseExecutor.accessMainPhase(TestCaseExecutor.java:448)&#xa;	at com.kms.katalon.core.main.TestCaseExecutor.execute(TestCaseExecutor.java:322)&#xa;	at com.kms.katalon.core.common.CommonExecutor.accessTestCaseMainPhase(CommonExecutor.java:71)&#xa;	at com.kms.katalon.core.main.TestSuiteExecutor.accessTestSuiteMainPhase(TestSuiteExecutor.java:160)&#xa;	at com.kms.katalon.core.main.TestSuiteExecutor.execute(TestSuiteExecutor.java:107)&#xa;	at com.kms.katalon.core.main.TestCaseMain.startTestSuite(TestCaseMain.java:186)&#xa;	at TempTestSuite1746517099424.run(TempTestSuite1746517099424.groovy:35)&#xa;	at java.base/jdk.internal.reflect.NativeMethodAccessorImpl.invoke0(Native Method)&#xa;	at java.base/jdk.internal.reflect.NativeMethodAccessorImpl.invoke(NativeMethodAccessorImpl.java:77)&#xa;	at java.base/jdk.internal.reflect.DelegatingMethodAccessorImpl.invoke(DelegatingMethodAccessorImpl.java:43)&#xa;Caused by: com.kms.katalon.core.webui.exception.WebElementNotFoundException: Web element with id: 'Object Repository/Page_Qashup Backoffice/input_Brand Name_input input-bordered h-42p_d0de7f_1_2_3_4_5_6_7_8_9_10_11' located by '//input[@value='QA Merchant']' not found&#xa;	at com.kms.katalon.core.webui.common.WebUiCommonHelper.findWebElement(WebUiCommonHelper.java:1457)&#xa;	at com.kms.katalon.core.webui.keyword.internal.WebUIAbstractKeyword.findWebElement(WebUIAbstractKeyword.groovy:27)&#xa;	at com.kms.katalon.core.webui.keyword.internal.WebUIAbstractKeyword.findWebElement(WebUIAbstractKeyword.groovy:26)&#xa;	at com.kms.katalon.core.webui.keyword.builtin.SetTextKeyword$_setText_closure1.doCall(SetTextKeyword.groovy:53)&#xa;	at com.kms.katalon.core.webui.keyword.builtin.SetTextKeyword$_setText_closure1.call(SetTextKeyword.groovy)&#xa;	at com.kms.katalon.core.webui.keyword.internal.WebUIKeywordMain.runKeyword(WebUIKeywordMain.groovy:35)&#xa;	... 20 more&#xa;"/>
         <system-out><![CDATA[06-05-2025T14:38:31 - [TEST_CASE][FAILED] - Test Cases/Dev Environment/BRAND_TS02_TC01: Test Cases/Dev Environment/BRAND_TS02_TC01 FAILED.
Reason:
com.kms.katalon.core.exception.StepFailedException: Unable to set text 'QA Merchant' of object 'Object Repository/Page_Qashup Backoffice/input_Brand Name_input input-bordered h-42p_d0de7f_1_2_3_4_5_6_7_8_9_10_11'
	at com.kms.katalon.core.webui.keyword.internal.WebUIKeywordMain.stepFailed(WebUIKeywordMain.groovy:117)
	at com.kms.katalon.core.webui.keyword.internal.WebUIKeywordMain.runKeyword(WebUIKeywordMain.groovy:43)
	at com.kms.katalon.core.webui.keyword.builtin.SetTextKeyword.setText(SetTextKeyword.groovy:86)
	at com.kms.katalon.core.webui.keyword.builtin.SetTextKeyword.execute(SetTextKeyword.groovy:39)
	at com.kms.katalon.core.keyword.internal.KeywordExecutor.executeKeywordForPlatform(KeywordExecutor.groovy:74)
	at com.kms.katalon.core.webui.keyword.WebUiBuiltInKeywords.setText(WebUiBuiltInKeywords.groovy:1056)
	at BRAND_TS02_TC01.run(BRAND_TS02_TC01:28)
	at com.kms.katalon.core.main.ScriptEngine.run(ScriptEngine.java:194)
	at com.kms.katalon.core.main.ScriptEngine.runScriptAsRawText(ScriptEngine.java:119)
	at com.kms.katalon.core.main.TestCaseExecutor.runScript(TestCaseExecutor.java:486)
	at com.kms.katalon.core.main.TestCaseExecutor.doExecute(TestCaseExecutor.java:477)
	at com.kms.katalon.core.main.TestCaseExecutor.processExecutionPhase(TestCaseExecutor.java:456)
	at com.kms.katalon.core.main.TestCaseExecutor.accessMainPhase(TestCaseExecutor.java:448)
	at com.kms.katalon.core.main.TestCaseExecutor.execute(TestCaseExecutor.java:322)
	at com.kms.katalon.core.common.CommonExecutor.accessTestCaseMainPhase(CommonExecutor.java:71)
	at com.kms.katalon.core.main.TestSuiteExecutor.accessTestSuiteMainPhase(TestSuiteExecutor.java:160)
	at com.kms.katalon.core.main.TestSuiteExecutor.execute(TestSuiteExecutor.java:107)
	at com.kms.katalon.core.main.TestCaseMain.startTestSuite(TestCaseMain.java:186)
	at TempTestSuite1746517099424.run(TempTestSuite1746517099424.groovy:35)
	at java.base/jdk.internal.reflect.NativeMethodAccessorImpl.invoke0(Native Method)
	at java.base/jdk.internal.reflect.NativeMethodAccessorImpl.invoke(NativeMethodAccessorImpl.java:77)
	at java.base/jdk.internal.reflect.DelegatingMethodAccessorImpl.invoke(DelegatingMethodAccessorImpl.java:43)
Caused by: com.kms.katalon.core.webui.exception.WebElementNotFoundException: Web element with id: 'Object Repository/Page_Qashup Backoffice/input_Brand Name_input input-bordered h-42p_d0de7f_1_2_3_4_5_6_7_8_9_10_11' located by '//input[@value='QA Merchant']' not found
	at com.kms.katalon.core.webui.common.WebUiCommonHelper.findWebElement(WebUiCommonHelper.java:1457)
	at com.kms.katalon.core.webui.keyword.internal.WebUIAbstractKeyword.findWebElement(WebUIAbstractKeyword.groovy:27)
	at com.kms.katalon.core.webui.keyword.internal.WebUIAbstractKeyword.findWebElement(WebUIAbstractKeyword.groovy:26)
	at com.kms.katalon.core.webui.keyword.builtin.SetTextKeyword$_setText_closure1.doCall(SetTextKeyword.groovy:53)
	at com.kms.katalon.core.webui.keyword.builtin.SetTextKeyword$_setText_closure1.call(SetTextKeyword.groovy)
	at com.kms.katalon.core.webui.keyword.internal.WebUIKeywordMain.runKeyword(WebUIKeywordMain.groovy:35)
	... 20 more


06-05-2025T14:38:31 - [TEST_STEP][PASSED] - click(findTestObject("Object Repository/Page_Qashup Backoffice/a_Brand  Branch")): Object: 'Object Repository/Page_Qashup Backoffice/a_Brand  Branch' is clicked on

06-05-2025T14:38:33 - [MESSAGE][PASSED] - Object: 'Object Repository/Page_Qashup Backoffice/a_Brand  Branch' is clicked on

06-05-2025T14:38:33 - [TEST_STEP][PASSED] - click(findTestObject("Object Repository/Page_Qashup Backoffice/div_Brand")): Object: 'Object Repository/Page_Qashup Backoffice/div_Brand' is clicked on

06-05-2025T14:38:33 - [MESSAGE][PASSED] - Object: 'Object Repository/Page_Qashup Backoffice/div_Brand' is clicked on

06-05-2025T14:38:33 - [TEST_STEP][PASSED] - click(findTestObject("Object Repository/Page_Qashup Backoffice/button_Add Brand")): Object: 'Object Repository/Page_Qashup Backoffice/button_Add Brand' is clicked on

06-05-2025T14:38:34 - [MESSAGE][PASSED] - Object: 'Object Repository/Page_Qashup Backoffice/button_Add Brand' is clicked on

06-05-2025T14:38:34 - [TEST_STEP][PASSED] - click(findTestObject("Object Repository/Page_Qashup Backoffice/input_Brand Name_input input-bordered h-42p_d0de7f")): Object: 'Object Repository/Page_Qashup Backoffice/input_Brand Name_input input-bordered h-42p_d0de7f' is clicked on

06-05-2025T14:38:35 - [MESSAGE][PASSED] - Object: 'Object Repository/Page_Qashup Backoffice/input_Brand Name_input input-bordered h-42p_d0de7f' is clicked on

06-05-2025T14:38:35 - [TEST_STEP][FAILED] - setText(findTestObject("Object Repository/Page_Qashup Backoffice/input_Brand Name_input input-bordered h-42p_d0de7f_1_2_3_4_5_6_7_8_9_10_11"), "QA Merchant"): Unable to set text 'QA Merchant' of object 'Object Repository/Page_Qashup Backoffice/input_Brand Name_input input-bordered h-42p_d0de7f_1_2_3_4_5_6_7_8_9_10_11' (Root cause: com.kms.katalon.core.exception.StepFailedException: Unable to set text 'QA Merchant' of object 'Object Repository/Page_Qashup Backoffice/input_Brand Name_input input-bordered h-42p_d0de7f_1_2_3_4_5_6_7_8_9_10_11'
	at com.kms.katalon.core.webui.keyword.internal.WebUIKeywordMain.stepFailed(WebUIKeywordMain.groovy:117)
	at com.kms.katalon.core.webui.keyword.internal.WebUIKeywordMain.runKeyword(WebUIKeywordMain.groovy:43)
	at com.kms.katalon.core.webui.keyword.builtin.SetTextKeyword.setText(SetTextKeyword.groovy:86)
	at com.kms.katalon.core.webui.keyword.builtin.SetTextKeyword.execute(SetTextKeyword.groovy:39)
	at com.kms.katalon.core.keyword.internal.KeywordExecutor.executeKeywordForPlatform(KeywordExecutor.groovy:74)
	at com.kms.katalon.core.webui.keyword.WebUiBuiltInKeywords.setText(WebUiBuiltInKeywords.groovy:1056)
	at BRAND_TS02_TC01.run(BRAND_TS02_TC01:28)
	at com.kms.katalon.core.main.ScriptEngine.run(ScriptEngine.java:194)
	at com.kms.katalon.core.main.ScriptEngine.runScriptAsRawText(ScriptEngine.java:119)
	at com.kms.katalon.core.main.TestCaseExecutor.runScript(TestCaseExecutor.java:486)
	at com.kms.katalon.core.main.TestCaseExecutor.doExecute(TestCaseExecutor.java:477)
	at com.kms.katalon.core.main.TestCaseExecutor.processExecutionPhase(TestCaseExecutor.java:456)
	at com.kms.katalon.core.main.TestCaseExecutor.accessMainPhase(TestCaseExecutor.java:448)
	at com.kms.katalon.core.main.TestCaseExecutor.execute(TestCaseExecutor.java:322)
	at com.kms.katalon.core.common.CommonExecutor.accessTestCaseMainPhase(CommonExecutor.java:71)
	at com.kms.katalon.core.main.TestSuiteExecutor.accessTestSuiteMainPhase(TestSuiteExecutor.java:160)
	at com.kms.katalon.core.main.TestSuiteExecutor.execute(TestSuiteExecutor.java:107)
	at com.kms.katalon.core.main.TestCaseMain.startTestSuite(TestCaseMain.java:186)
	at TempTestSuite1746517099424.run(TempTestSuite1746517099424.groovy:35)
	at java.base/jdk.internal.reflect.NativeMethodAccessorImpl.invoke0(Native Method)
	at java.base/jdk.internal.reflect.NativeMethodAccessorImpl.invoke(NativeMethodAccessorImpl.java:77)
	at java.base/jdk.internal.reflect.DelegatingMethodAccessorImpl.invoke(DelegatingMethodAccessorImpl.java:43)
Caused by: com.kms.katalon.core.webui.exception.WebElementNotFoundException: Web element with id: 'Object Repository/Page_Qashup Backoffice/input_Brand Name_input input-bordered h-42p_d0de7f_1_2_3_4_5_6_7_8_9_10_11' located by '//input[@value='QA Merchant']' not found
	at com.kms.katalon.core.webui.common.WebUiCommonHelper.findWebElement(WebUiCommonHelper.java:1457)
	at com.kms.katalon.core.webui.keyword.internal.WebUIAbstractKeyword.findWebElement(WebUIAbstractKeyword.groovy:27)
	at com.kms.katalon.core.webui.keyword.internal.WebUIAbstractKeyword.findWebElement(WebUIAbstractKeyword.groovy:26)
	at com.kms.katalon.core.webui.keyword.builtin.SetTextKeyword$_setText_closure1.doCall(SetTextKeyword.groovy:53)
	at com.kms.katalon.core.webui.keyword.builtin.SetTextKeyword$_setText_closure1.call(SetTextKeyword.groovy)
	at com.kms.katalon.core.webui.keyword.internal.WebUIKeywordMain.runKeyword(WebUIKeywordMain.groovy:35)
	at com.kms.katalon.core.webui.keyword.builtin.SetTextKeyword.setText(SetTextKeyword.groovy:86)
	at com.kms.katalon.core.webui.keyword.builtin.SetTextKeyword.execute(SetTextKeyword.groovy:39)
	at com.kms.katalon.core.keyword.internal.KeywordExecutor.executeKeywordForPlatform(KeywordExecutor.groovy:74)
	at com.kms.katalon.core.webui.keyword.WebUiBuiltInKeywords.setText(WebUiBuiltInKeywords.groovy:1056)
	at Script1746516577781.run(Script1746516577781.groovy:28)
	... 15 more
)

06-05-2025T14:39:06 - [MESSAGE][INFO] - Unable to find the element located by 'By.xpath: //input[@value='QA Merchant']'. Please recheck the objects properties to make sure the desired element is located. 

06-05-2025T14:39:06 - [MESSAGE][FAILED] - Unable to set text 'QA Merchant' of object 'Object Repository/Page_Qashup Backoffice/input_Brand Name_input input-bordered h-42p_d0de7f_1_2_3_4_5_6_7_8_9_10_11' (Root cause: com.kms.katalon.core.exception.StepFailedException: Unable to set text 'QA Merchant' of object 'Object Repository/Page_Qashup Backoffice/input_Brand Name_input input-bordered h-42p_d0de7f_1_2_3_4_5_6_7_8_9_10_11'
	at com.kms.katalon.core.webui.keyword.internal.WebUIKeywordMain.stepFailed(WebUIKeywordMain.groovy:117)
	at com.kms.katalon.core.webui.keyword.internal.WebUIKeywordMain.runKeyword(WebUIKeywordMain.groovy:43)
	at com.kms.katalon.core.webui.keyword.builtin.SetTextKeyword.setText(SetTextKeyword.groovy:86)
	at com.kms.katalon.core.webui.keyword.builtin.SetTextKeyword.execute(SetTextKeyword.groovy:39)
	at com.kms.katalon.core.keyword.internal.KeywordExecutor.executeKeywordForPlatform(KeywordExecutor.groovy:74)
	at com.kms.katalon.core.webui.keyword.WebUiBuiltInKeywords.setText(WebUiBuiltInKeywords.groovy:1056)
	at BRAND_TS02_TC01.run(BRAND_TS02_TC01:28)
	at com.kms.katalon.core.main.ScriptEngine.run(ScriptEngine.java:194)
	at com.kms.katalon.core.main.ScriptEngine.runScriptAsRawText(ScriptEngine.java:119)
	at com.kms.katalon.core.main.TestCaseExecutor.runScript(TestCaseExecutor.java:486)
	at com.kms.katalon.core.main.TestCaseExecutor.doExecute(TestCaseExecutor.java:477)
	at com.kms.katalon.core.main.TestCaseExecutor.processExecutionPhase(TestCaseExecutor.java:456)
	at com.kms.katalon.core.main.TestCaseExecutor.accessMainPhase(TestCaseExecutor.java:448)
	at com.kms.katalon.core.main.TestCaseExecutor.execute(TestCaseExecutor.java:322)
	at com.kms.katalon.core.common.CommonExecutor.accessTestCaseMainPhase(CommonExecutor.java:71)
	at com.kms.katalon.core.main.TestSuiteExecutor.accessTestSuiteMainPhase(TestSuiteExecutor.java:160)
	at com.kms.katalon.core.main.TestSuiteExecutor.execute(TestSuiteExecutor.java:107)
	at com.kms.katalon.core.main.TestCaseMain.startTestSuite(TestCaseMain.java:186)
	at TempTestSuite1746517099424.run(TempTestSuite1746517099424.groovy:35)
	at java.base/jdk.internal.reflect.NativeMethodAccessorImpl.invoke0(Native Method)
	at java.base/jdk.internal.reflect.NativeMethodAccessorImpl.invoke(NativeMethodAccessorImpl.java:77)
	at java.base/jdk.internal.reflect.DelegatingMethodAccessorImpl.invoke(DelegatingMethodAccessorImpl.java:43)
Caused by: com.kms.katalon.core.webui.exception.WebElementNotFoundException: Web element with id: 'Object Repository/Page_Qashup Backoffice/input_Brand Name_input input-bordered h-42p_d0de7f_1_2_3_4_5_6_7_8_9_10_11' located by '//input[@value='QA Merchant']' not found
	at com.kms.katalon.core.webui.common.WebUiCommonHelper.findWebElement(WebUiCommonHelper.java:1457)
	at com.kms.katalon.core.webui.keyword.internal.WebUIAbstractKeyword.findWebElement(WebUIAbstractKeyword.groovy:27)
	at com.kms.katalon.core.webui.keyword.internal.WebUIAbstractKeyword.findWebElement(WebUIAbstractKeyword.groovy:26)
	at com.kms.katalon.core.webui.keyword.builtin.SetTextKeyword$_setText_closure1.doCall(SetTextKeyword.groovy:53)
	at com.kms.katalon.core.webui.keyword.builtin.SetTextKeyword$_setText_closure1.call(SetTextKeyword.groovy)
	at com.kms.katalon.core.webui.keyword.internal.WebUIKeywordMain.runKeyword(WebUIKeywordMain.groovy:35)
	at com.kms.katalon.core.webui.keyword.builtin.SetTextKeyword.setText(SetTextKeyword.groovy:86)
	at com.kms.katalon.core.webui.keyword.builtin.SetTextKeyword.execute(SetTextKeyword.groovy:39)
	at com.kms.katalon.core.keyword.internal.KeywordExecutor.executeKeywordForPlatform(KeywordExecutor.groovy:74)
	at com.kms.katalon.core.webui.keyword.WebUiBuiltInKeywords.setText(WebUiBuiltInKeywords.groovy:1056)
	at Script1746516577781.run(Script1746516577781.groovy:28)
	... 15 more
)
[[ATTACHMENT|C:\\Users\\NUC\\git\\katalon\\Reports\\20250506_143819\\BRAND_TS02\\20250506_143819\\1746517146407.png]]

06-05-2025T14:39:06 - [TEST_STEP][PASSED] - Start listener action : sampleAfterTestCase: Send request successfully

06-05-2025T14:39:06 - [TEST_STEP][PASSED] - testCase = findTestCase(testCaseContext.getTestCaseId()): null

06-05-2025T14:39:06 - [TEST_STEP][PASSED] - g_ZS_TestCaseKey = getName().split("_")[0]: null

06-05-2025T14:39:06 - [TEST_STEP][PASSED] - if (testCaseContext.getTestCaseStatus() == "PASSED"): null

06-05-2025T14:39:06 - [TEST_STEP][PASSED] - sendRequest(findTestObject("Create Execution")): Send request successfully

06-05-2025T14:39:06 - [MESSAGE][INFO] - HAR: C:\Users\NUC\git\katalon\Reports\20250506_143819\BRAND_TS02\20250506_143819\requests\main\Create-Execution_1.har

06-05-2025T14:39:06 - [MESSAGE][PASSED] - Send request successfully]]></system-out>
         <system-err><![CDATA[06-05-2025T14:38:31 - [TEST_CASE][FAILED] - Test Cases/Dev Environment/BRAND_TS02_TC01: Test Cases/Dev Environment/BRAND_TS02_TC01 FAILED.
Reason:
com.kms.katalon.core.exception.StepFailedException: Unable to set text 'QA Merchant' of object 'Object Repository/Page_Qashup Backoffice/input_Brand Name_input input-bordered h-42p_d0de7f_1_2_3_4_5_6_7_8_9_10_11'
	at com.kms.katalon.core.webui.keyword.internal.WebUIKeywordMain.stepFailed(WebUIKeywordMain.groovy:117)
	at com.kms.katalon.core.webui.keyword.internal.WebUIKeywordMain.runKeyword(WebUIKeywordMain.groovy:43)
	at com.kms.katalon.core.webui.keyword.builtin.SetTextKeyword.setText(SetTextKeyword.groovy:86)
	at com.kms.katalon.core.webui.keyword.builtin.SetTextKeyword.execute(SetTextKeyword.groovy:39)
	at com.kms.katalon.core.keyword.internal.KeywordExecutor.executeKeywordForPlatform(KeywordExecutor.groovy:74)
	at com.kms.katalon.core.webui.keyword.WebUiBuiltInKeywords.setText(WebUiBuiltInKeywords.groovy:1056)
	at BRAND_TS02_TC01.run(BRAND_TS02_TC01:28)
	at com.kms.katalon.core.main.ScriptEngine.run(ScriptEngine.java:194)
	at com.kms.katalon.core.main.ScriptEngine.runScriptAsRawText(ScriptEngine.java:119)
	at com.kms.katalon.core.main.TestCaseExecutor.runScript(TestCaseExecutor.java:486)
	at com.kms.katalon.core.main.TestCaseExecutor.doExecute(TestCaseExecutor.java:477)
	at com.kms.katalon.core.main.TestCaseExecutor.processExecutionPhase(TestCaseExecutor.java:456)
	at com.kms.katalon.core.main.TestCaseExecutor.accessMainPhase(TestCaseExecutor.java:448)
	at com.kms.katalon.core.main.TestCaseExecutor.execute(TestCaseExecutor.java:322)
	at com.kms.katalon.core.common.CommonExecutor.accessTestCaseMainPhase(CommonExecutor.java:71)
	at com.kms.katalon.core.main.TestSuiteExecutor.accessTestSuiteMainPhase(TestSuiteExecutor.java:160)
	at com.kms.katalon.core.main.TestSuiteExecutor.execute(TestSuiteExecutor.java:107)
	at com.kms.katalon.core.main.TestCaseMain.startTestSuite(TestCaseMain.java:186)
	at TempTestSuite1746517099424.run(TempTestSuite1746517099424.groovy:35)
	at java.base/jdk.internal.reflect.NativeMethodAccessorImpl.invoke0(Native Method)
	at java.base/jdk.internal.reflect.NativeMethodAccessorImpl.invoke(NativeMethodAccessorImpl.java:77)
	at java.base/jdk.internal.reflect.DelegatingMethodAccessorImpl.invoke(DelegatingMethodAccessorImpl.java:43)
Caused by: com.kms.katalon.core.webui.exception.WebElementNotFoundException: Web element with id: 'Object Repository/Page_Qashup Backoffice/input_Brand Name_input input-bordered h-42p_d0de7f_1_2_3_4_5_6_7_8_9_10_11' located by '//input[@value='QA Merchant']' not found
	at com.kms.katalon.core.webui.common.WebUiCommonHelper.findWebElement(WebUiCommonHelper.java:1457)
	at com.kms.katalon.core.webui.keyword.internal.WebUIAbstractKeyword.findWebElement(WebUIAbstractKeyword.groovy:27)
	at com.kms.katalon.core.webui.keyword.internal.WebUIAbstractKeyword.findWebElement(WebUIAbstractKeyword.groovy:26)
	at com.kms.katalon.core.webui.keyword.builtin.SetTextKeyword$_setText_closure1.doCall(SetTextKeyword.groovy:53)
	at com.kms.katalon.core.webui.keyword.builtin.SetTextKeyword$_setText_closure1.call(SetTextKeyword.groovy)
	at com.kms.katalon.core.webui.keyword.internal.WebUIKeywordMain.runKeyword(WebUIKeywordMain.groovy:35)
	... 20 more]]></system-err>
      </testcase>
      <system-out><![CDATA[06-05-2025T14:38:24 - [TEST_SUITE][FAILED] - BRAND_TS02: Test Cases/Dev Environment/BRAND_TS02_TC01 FAILED.
Reason:
com.kms.katalon.core.exception.StepFailedException: Unable to set text 'QA Merchant' of object 'Object Repository/Page_Qashup Backoffice/input_Brand Name_input input-bordered h-42p_d0de7f_1_2_3_4_5_6_7_8_9_10_11'
	at com.kms.katalon.core.webui.keyword.internal.WebUIKeywordMain.stepFailed(WebUIKeywordMain.groovy:117)
	at com.kms.katalon.core.webui.keyword.internal.WebUIKeywordMain.runKeyword(WebUIKeywordMain.groovy:43)
	at com.kms.katalon.core.webui.keyword.builtin.SetTextKeyword.setText(SetTextKeyword.groovy:86)
	at com.kms.katalon.core.webui.keyword.builtin.SetTextKeyword.execute(SetTextKeyword.groovy:39)
	at com.kms.katalon.core.keyword.internal.KeywordExecutor.executeKeywordForPlatform(KeywordExecutor.groovy:74)
	at com.kms.katalon.core.webui.keyword.WebUiBuiltInKeywords.setText(WebUiBuiltInKeywords.groovy:1056)
	at BRAND_TS02_TC01.run(BRAND_TS02_TC01:28)
	at com.kms.katalon.core.main.ScriptEngine.run(ScriptEngine.java:194)
	at com.kms.katalon.core.main.ScriptEngine.runScriptAsRawText(ScriptEngine.java:119)
	at com.kms.katalon.core.main.TestCaseExecutor.runScript(TestCaseExecutor.java:486)
	at com.kms.katalon.core.main.TestCaseExecutor.doExecute(TestCaseExecutor.java:477)
	at com.kms.katalon.core.main.TestCaseExecutor.processExecutionPhase(TestCaseExecutor.java:456)
	at com.kms.katalon.core.main.TestCaseExecutor.accessMainPhase(TestCaseExecutor.java:448)
	at com.kms.katalon.core.main.TestCaseExecutor.execute(TestCaseExecutor.java:322)
	at com.kms.katalon.core.common.CommonExecutor.accessTestCaseMainPhase(CommonExecutor.java:71)
	at com.kms.katalon.core.main.TestSuiteExecutor.accessTestSuiteMainPhase(TestSuiteExecutor.java:160)
	at com.kms.katalon.core.main.TestSuiteExecutor.execute(TestSuiteExecutor.java:107)
	at com.kms.katalon.core.main.TestCaseMain.startTestSuite(TestCaseMain.java:186)
	at TempTestSuite1746517099424.run(TempTestSuite1746517099424.groovy:35)
	at java.base/jdk.internal.reflect.NativeMethodAccessorImpl.invoke0(Native Method)
	at java.base/jdk.internal.reflect.NativeMethodAccessorImpl.invoke(NativeMethodAccessorImpl.java:77)
	at java.base/jdk.internal.reflect.DelegatingMethodAccessorImpl.invoke(DelegatingMethodAccessorImpl.java:43)
Caused by: com.kms.katalon.core.webui.exception.WebElementNotFoundException: Web element with id: 'Object Repository/Page_Qashup Backoffice/input_Brand Name_input input-bordered h-42p_d0de7f_1_2_3_4_5_6_7_8_9_10_11' located by '//input[@value='QA Merchant']' not found
	at com.kms.katalon.core.webui.common.WebUiCommonHelper.findWebElement(WebUiCommonHelper.java:1457)
	at com.kms.katalon.core.webui.keyword.internal.WebUIAbstractKeyword.findWebElement(WebUIAbstractKeyword.groovy:27)
	at com.kms.katalon.core.webui.keyword.internal.WebUIAbstractKeyword.findWebElement(WebUIAbstractKeyword.groovy:26)
	at com.kms.katalon.core.webui.keyword.builtin.SetTextKeyword$_setText_closure1.doCall(SetTextKeyword.groovy:53)
	at com.kms.katalon.core.webui.keyword.builtin.SetTextKeyword$_setText_closure1.call(SetTextKeyword.groovy)
	at com.kms.katalon.core.webui.keyword.internal.WebUIKeywordMain.runKeyword(WebUIKeywordMain.groovy:35)
	... 20 more]]></system-out>
      <system-err><![CDATA[06-05-2025T14:38:24 - [TEST_SUITE][FAILED] - BRAND_TS02: Test Cases/Dev Environment/BRAND_TS02_TC01 FAILED.
Reason:
com.kms.katalon.core.exception.StepFailedException: Unable to set text 'QA Merchant' of object 'Object Repository/Page_Qashup Backoffice/input_Brand Name_input input-bordered h-42p_d0de7f_1_2_3_4_5_6_7_8_9_10_11'
	at com.kms.katalon.core.webui.keyword.internal.WebUIKeywordMain.stepFailed(WebUIKeywordMain.groovy:117)
	at com.kms.katalon.core.webui.keyword.internal.WebUIKeywordMain.runKeyword(WebUIKeywordMain.groovy:43)
	at com.kms.katalon.core.webui.keyword.builtin.SetTextKeyword.setText(SetTextKeyword.groovy:86)
	at com.kms.katalon.core.webui.keyword.builtin.SetTextKeyword.execute(SetTextKeyword.groovy:39)
	at com.kms.katalon.core.keyword.internal.KeywordExecutor.executeKeywordForPlatform(KeywordExecutor.groovy:74)
	at com.kms.katalon.core.webui.keyword.WebUiBuiltInKeywords.setText(WebUiBuiltInKeywords.groovy:1056)
	at BRAND_TS02_TC01.run(BRAND_TS02_TC01:28)
	at com.kms.katalon.core.main.ScriptEngine.run(ScriptEngine.java:194)
	at com.kms.katalon.core.main.ScriptEngine.runScriptAsRawText(ScriptEngine.java:119)
	at com.kms.katalon.core.main.TestCaseExecutor.runScript(TestCaseExecutor.java:486)
	at com.kms.katalon.core.main.TestCaseExecutor.doExecute(TestCaseExecutor.java:477)
	at com.kms.katalon.core.main.TestCaseExecutor.processExecutionPhase(TestCaseExecutor.java:456)
	at com.kms.katalon.core.main.TestCaseExecutor.accessMainPhase(TestCaseExecutor.java:448)
	at com.kms.katalon.core.main.TestCaseExecutor.execute(TestCaseExecutor.java:322)
	at com.kms.katalon.core.common.CommonExecutor.accessTestCaseMainPhase(CommonExecutor.java:71)
	at com.kms.katalon.core.main.TestSuiteExecutor.accessTestSuiteMainPhase(TestSuiteExecutor.java:160)
	at com.kms.katalon.core.main.TestSuiteExecutor.execute(TestSuiteExecutor.java:107)
	at com.kms.katalon.core.main.TestCaseMain.startTestSuite(TestCaseMain.java:186)
	at TempTestSuite1746517099424.run(TempTestSuite1746517099424.groovy:35)
	at java.base/jdk.internal.reflect.NativeMethodAccessorImpl.invoke0(Native Method)
	at java.base/jdk.internal.reflect.NativeMethodAccessorImpl.invoke(NativeMethodAccessorImpl.java:77)
	at java.base/jdk.internal.reflect.DelegatingMethodAccessorImpl.invoke(DelegatingMethodAccessorImpl.java:43)
Caused by: com.kms.katalon.core.webui.exception.WebElementNotFoundException: Web element with id: 'Object Repository/Page_Qashup Backoffice/input_Brand Name_input input-bordered h-42p_d0de7f_1_2_3_4_5_6_7_8_9_10_11' located by '//input[@value='QA Merchant']' not found
	at com.kms.katalon.core.webui.common.WebUiCommonHelper.findWebElement(WebUiCommonHelper.java:1457)
	at com.kms.katalon.core.webui.keyword.internal.WebUIAbstractKeyword.findWebElement(WebUIAbstractKeyword.groovy:27)
	at com.kms.katalon.core.webui.keyword.internal.WebUIAbstractKeyword.findWebElement(WebUIAbstractKeyword.groovy:26)
	at com.kms.katalon.core.webui.keyword.builtin.SetTextKeyword$_setText_closure1.doCall(SetTextKeyword.groovy:53)
	at com.kms.katalon.core.webui.keyword.builtin.SetTextKeyword$_setText_closure1.call(SetTextKeyword.groovy)
	at com.kms.katalon.core.webui.keyword.internal.WebUIKeywordMain.runKeyword(WebUIKeywordMain.groovy:35)
	... 20 more]]></system-err>
   </testsuite>
</testsuites>
